The system is: Linux - 4.16.5-200.fc27.x86_64 - x86_64
Compiling the C compiler identification source file "CMakeCCompilerId.c" succeeded.
Compiler: /usr/lib64/ccache/cc 
Build flags: 
Id flags:  

The output was:
0


Compilation of the C compiler identification source "CMakeCCompilerId.c" produced "a.out"

The C compiler identification is GNU, found in "/home/WizIbk/Dropbox/4eme Semestre/ESTRUTURAS DE DADOS II/ARQUIVOS EXTRAS/ESTRUCTURA_DE_DADOS_II--IBK/ArvoreRubroNegra/cmake-build-debug/CMakeFiles/3.10.3/CompilerIdC/a.out"

Determining if the C compiler works passed with the following output:
Change Dir: /home/WizIbk/Dropbox/4eme Semestre/ESTRUTURAS DE DADOS II/ARQUIVOS EXTRAS/ESTRUCTURA_DE_DADOS_II--IBK/ArvoreRubroNegra/cmake-build-debug/CMakeFiles/CMakeTmp

Run Build Command:"/usr/bin/gmake" "cmTC_63ce1/fast"
/usr/bin/gmake -f CMakeFiles/cmTC_63ce1.dir/build.make CMakeFiles/cmTC_63ce1.dir/build
gmake[1]: Entering directory '/home/WizIbk/Dropbox/4eme Semestre/ESTRUTURAS DE DADOS II/ARQUIVOS EXTRAS/ESTRUCTURA_DE_DADOS_II--IBK/ArvoreRubroNegra/cmake-build-debug/CMakeFiles/CMakeTmp'
Building C object CMakeFiles/cmTC_63ce1.dir/testCCompiler.c.o
/usr/lib64/ccache/cc    -o CMakeFiles/cmTC_63ce1.dir/testCCompiler.c.o   -c "/home/WizIbk/Dropbox/4eme Semestre/ESTRUTURAS DE DADOS II/ARQUIVOS EXTRAS/ESTRUCTURA_DE_DADOS_II--IBK/ArvoreRubroNegra/cmake-build-debug/CMakeFiles/CMakeTmp/testCCompiler.c"
Linking C executable cmTC_63ce1
/home/WizIbk/.local/share/JetBrains/Toolbox/apps/CLion/ch-0/181.4668.70/bin/cmake/bin/cmake -E cmake_link_script CMakeFiles/cmTC_63ce1.dir/link.txt --verbose=1
/usr/lib64/ccache/cc      CMakeFiles/cmTC_63ce1.dir/testCCompiler.c.o  -o cmTC_63ce1 
gmake[1]: Leaving directory '/home/WizIbk/Dropbox/4eme Semestre/ESTRUTURAS DE DADOS II/ARQUIVOS EXTRAS/ESTRUCTURA_DE_DADOS_II--IBK/ArvoreRubroNegra/cmake-build-debug/CMakeFiles/CMakeTmp'


Detecting C compiler ABI info compiled with the following output:
Change Dir: /home/WizIbk/Dropbox/4eme Semestre/ESTRUTURAS DE DADOS II/ARQUIVOS EXTRAS/ESTRUCTURA_DE_DADOS_II--IBK/ArvoreRubroNegra/cmake-build-debug/CMakeFiles/CMakeTmp

Run Build Command:"/usr/bin/gmake" "cmTC_33e89/fast"
/usr/bin/gmake -f CMakeFiles/cmTC_33e89.dir/build.make CMakeFiles/cmTC_33e89.dir/build
gmake[1]: Entering directory '/home/WizIbk/Dropbox/4eme Semestre/ESTRUTURAS DE DADOS II/ARQUIVOS EXTRAS/ESTRUCTURA_DE_DADOS_II--IBK/ArvoreRubroNegra/cmake-build-debug/CMakeFiles/CMakeTmp'
Building C object CMakeFiles/cmTC_33e89.dir/CMakeCCompilerABI.c.o
/usr/lib64/ccache/cc    -o CMakeFiles/cmTC_33e89.dir/CMakeCCompilerABI.c.o   -c /home/WizIbk/.local/share/JetBrains/Toolbox/apps/CLion/ch-0/181.4668.70/bin/cmake/share/cmake-3.10/Modules/CMakeCCompilerABI.c
Linking C executable cmTC_33e89
/home/WizIbk/.local/share/JetBrains/Toolbox/apps/CLion/ch-0/181.4668.70/bin/cmake/bin/cmake -E cmake_link_script CMakeFiles/cmTC_33e89.dir/link.txt --verbose=1
/usr/lib64/ccache/cc     -v CMakeFiles/cmTC_33e89.dir/CMakeCCompilerABI.c.o  -o cmTC_33e89 
Using built-in specs.
COLLECT_GCC=/usr/bin/cc
COLLECT_LTO_WRAPPER=/usr/libexec/gcc/x86_64-redhat-linux/7/lto-wrapper
OFFLOAD_TARGET_NAMES=nvptx-none
OFFLOAD_TARGET_DEFAULT=1
Target: x86_64-redhat-linux
Configured with: ../configure --enable-bootstrap --enable-languages=c,c++,objc,obj-c++,fortran,ada,go,lto --prefix=/usr --mandir=/usr/share/man --infodir=/usr/share/info --with-bugurl=http://bugzilla.redhat.com/bugzilla --enable-shared --enable-threads=posix --enable-checking=release --enable-multilib --with-system-zlib --enable-__cxa_atexit --disable-libunwind-exceptions --enable-gnu-unique-object --enable-linker-build-id --with-gcc-major-version-only --with-linker-hash-style=gnu --enable-plugin --enable-initfini-array --with-isl --enable-libmpx --enable-offload-targets=nvptx-none --without-cuda-driver --enable-gnu-indirect-function --with-tune=generic --with-arch_32=i686 --build=x86_64-redhat-linux
Thread model: posix
gcc version 7.3.1 20180303 (Red Hat 7.3.1-5) (GCC) 
COMPILER_PATH=/usr/libexec/gcc/x86_64-redhat-linux/7/:/usr/libexec/gcc/x86_64-redhat-linux/7/:/usr/libexec/gcc/x86_64-redhat-linux/:/usr/lib/gcc/x86_64-redhat-linux/7/:/usr/lib/gcc/x86_64-redhat-linux/
LIBRARY_PATH=/usr/lib/gcc/x86_64-redhat-linux/7/:/usr/lib/gcc/x86_64-redhat-linux/7/../../../../lib64/:/lib/../lib64/:/usr/lib/../lib64/:/usr/lib/gcc/x86_64-redhat-linux/7/../../../:/lib/:/usr/lib/
COLLECT_GCC_OPTIONS='-v' '-o' 'cmTC_33e89' '-mtune=generic' '-march=x86-64'
 /usr/libexec/gcc/x86_64-redhat-linux/7/collect2 -plugin /usr/libexec/gcc/x86_64-redhat-linux/7/liblto_plugin.so -plugin-opt=/usr/libexec/gcc/x86_64-redhat-linux/7/lto-wrapper -plugin-opt=-fresolution=/tmp/ccnwCOd5.res -plugin-opt=-pass-through=-lgcc -plugin-opt=-pass-through=-lgcc_s -plugin-opt=-pass-through=-lc -plugin-opt=-pass-through=-lgcc -plugin-opt=-pass-through=-lgcc_s --build-id --no-add-needed --eh-frame-hdr --hash-style=gnu -m elf_x86_64 -dynamic-linker /lib64/ld-linux-x86-64.so.2 -o cmTC_33e89 /usr/lib/gcc/x86_64-redhat-linux/7/../../../../lib64/crt1.o /usr/lib/gcc/x86_64-redhat-linux/7/../../../../lib64/crti.o /usr/lib/gcc/x86_64-redhat-linux/7/crtbegin.o -L/usr/lib/gcc/x86_64-redhat-linux/7 -L/usr/lib/gcc/x86_64-redhat-linux/7/../../../../lib64 -L/lib/../lib64 -L/usr/lib/../lib64 -L/usr/lib/gcc/x86_64-redhat-linux/7/../../.. CMakeFiles/cmTC_33e89.dir/CMakeCCompilerABI.c.o -lgcc --as-needed -lgcc_s --no-as-needed -lc -lgcc --as-needed -lgcc_s --no-as-needed /usr/lib/gcc/x86_64-redhat-linux/7/crtend.o /usr/lib/gcc/x86_64-redhat-linux/7/../../../../lib64/crtn.o
COLLECT_GCC_OPTIONS='-v' '-o' 'cmTC_33e89' '-mtune=generic' '-march=x86-64'
gmake[1]: Leaving directory '/home/WizIbk/Dropbox/4eme Semestre/ESTRUTURAS DE DADOS II/ARQUIVOS EXTRAS/ESTRUCTURA_DE_DADOS_II--IBK/ArvoreRubroNegra/cmake-build-debug/CMakeFiles/CMakeTmp'


Parsed C implicit link information from above output:
  link line regex: [^( *|.*[/\])(ld|CMAKE_LINK_STARTFILE-NOTFOUND|([^/\]+-)?ld|collect2)[^/\]*( |$)]
  ignore line: [Change Dir: /home/WizIbk/Dropbox/4eme Semestre/ESTRUTURAS DE DADOS II/ARQUIVOS EXTRAS/ESTRUCTURA_DE_DADOS_II--IBK/ArvoreRubroNegra/cmake-build-debug/CMakeFiles/CMakeTmp]
  ignore line: []
  ignore line: [Run Build Command:"/usr/bin/gmake" "cmTC_33e89/fast"]
  ignore line: [/usr/bin/gmake -f CMakeFiles/cmTC_33e89.dir/build.make CMakeFiles/cmTC_33e89.dir/build]
  ignore line: [gmake[1]: Entering directory '/home/WizIbk/Dropbox/4eme Semestre/ESTRUTURAS DE DADOS II/ARQUIVOS EXTRAS/ESTRUCTURA_DE_DADOS_II--IBK/ArvoreRubroNegra/cmake-build-debug/CMakeFiles/CMakeTmp']
  ignore line: [Building C object CMakeFiles/cmTC_33e89.dir/CMakeCCompilerABI.c.o]
  ignore line: [/usr/lib64/ccache/cc    -o CMakeFiles/cmTC_33e89.dir/CMakeCCompilerABI.c.o   -c /home/WizIbk/.local/share/JetBrains/Toolbox/apps/CLion/ch-0/181.4668.70/bin/cmake/share/cmake-3.10/Modules/CMakeCCompilerABI.c]
  ignore line: [Linking C executable cmTC_33e89]
  ignore line: [/home/WizIbk/.local/share/JetBrains/Toolbox/apps/CLion/ch-0/181.4668.70/bin/cmake/bin/cmake -E cmake_link_script CMakeFiles/cmTC_33e89.dir/link.txt --verbose=1]
  ignore line: [/usr/lib64/ccache/cc     -v CMakeFiles/cmTC_33e89.dir/CMakeCCompilerABI.c.o  -o cmTC_33e89 ]
  ignore line: [Using built-in specs.]
  ignore line: [COLLECT_GCC=/usr/bin/cc]
  ignore line: [COLLECT_LTO_WRAPPER=/usr/libexec/gcc/x86_64-redhat-linux/7/lto-wrapper]
  ignore line: [OFFLOAD_TARGET_NAMES=nvptx-none]
  ignore line: [OFFLOAD_TARGET_DEFAULT=1]
  ignore line: [Target: x86_64-redhat-linux]
  ignore line: [Configured with: ../configure --enable-bootstrap --enable-languages=c,c++,objc,obj-c++,fortran,ada,go,lto --prefix=/usr --mandir=/usr/share/man --infodir=/usr/share/info --with-bugurl=http://bugzilla.redhat.com/bugzilla --enable-shared --enable-threads=posix --enable-checking=release --enable-multilib --with-system-zlib --enable-__cxa_atexit --disable-libunwind-exceptions --enable-gnu-unique-object --enable-linker-build-id --with-gcc-major-version-only --with-linker-hash-style=gnu --enable-plugin --enable-initfini-array --with-isl --enable-libmpx --enable-offload-targets=nvptx-none --without-cuda-driver --enable-gnu-indirect-function --with-tune=generic --with-arch_32=i686 --build=x86_64-redhat-linux]
  ignore line: [Thread model: posix]
  ignore line: [gcc version 7.3.1 20180303 (Red Hat 7.3.1-5) (GCC) ]
  ignore line: [COMPILER_PATH=/usr/libexec/gcc/x86_64-redhat-linux/7/:/usr/libexec/gcc/x86_64-redhat-linux/7/:/usr/libexec/gcc/x86_64-redhat-linux/:/usr/lib/gcc/x86_64-redhat-linux/7/:/usr/lib/gcc/x86_64-redhat-linux/]
  ignore line: [LIBRARY_PATH=/usr/lib/gcc/x86_64-redhat-linux/7/:/usr/lib/gcc/x86_64-redhat-linux/7/../../../../lib64/:/lib/../lib64/:/usr/lib/../lib64/:/usr/lib/gcc/x86_64-redhat-linux/7/../../../:/lib/:/usr/lib/]
  ignore line: [COLLECT_GCC_OPTIONS='-v' '-o' 'cmTC_33e89' '-mtune=generic' '-march=x86-64']
  link line: [ /usr/libexec/gcc/x86_64-redhat-linux/7/collect2 -plugin /usr/libexec/gcc/x86_64-redhat-linux/7/liblto_plugin.so -plugin-opt=/usr/libexec/gcc/x86_64-redhat-linux/7/lto-wrapper -plugin-opt=-fresolution=/tmp/ccnwCOd5.res -plugin-opt=-pass-through=-lgcc -plugin-opt=-pass-through=-lgcc_s -plugin-opt=-pass-through=-lc -plugin-opt=-pass-through=-lgcc -plugin-opt=-pass-through=-lgcc_s --build-id --no-add-needed --eh-frame-hdr --hash-style=gnu -m elf_x86_64 -dynamic-linker /lib64/ld-linux-x86-64.so.2 -o cmTC_33e89 /usr/lib/gcc/x86_64-redhat-linux/7/../../../../lib64/crt1.o /usr/lib/gcc/x86_64-redhat-linux/7/../../../../lib64/crti.o /usr/lib/gcc/x86_64-redhat-linux/7/crtbegin.o -L/usr/lib/gcc/x86_64-redhat-linux/7 -L/usr/lib/gcc/x86_64-redhat-linux/7/../../../../lib64 -L/lib/../lib64 -L/usr/lib/../lib64 -L/usr/lib/gcc/x86_64-redhat-linux/7/../../.. CMakeFiles/cmTC_33e89.dir/CMakeCCompilerABI.c.o -lgcc --as-needed -lgcc_s --no-as-needed -lc -lgcc --as-needed -lgcc_s --no-as-needed /usr/lib/gcc/x86_64-redhat-linux/7/crtend.o /usr/lib/gcc/x86_64-redhat-linux/7/../../../../lib64/crtn.o]
    arg [/usr/libexec/gcc/x86_64-redhat-linux/7/collect2] ==> ignore
    arg [-plugin] ==> ignore
    arg [/usr/libexec/gcc/x86_64-redhat-linux/7/liblto_plugin.so] ==> ignore
    arg [-plugin-opt=/usr/libexec/gcc/x86_64-redhat-linux/7/lto-wrapper] ==> ignore
    arg [-plugin-opt=-fresolution=/tmp/ccnwCOd5.res] ==> ignore
    arg [-plugin-opt=-pass-through=-lgcc] ==> ignore
    arg [-plugin-opt=-pass-through=-lgcc_s] ==> ignore
    arg [-plugin-opt=-pass-through=-lc] ==> ignore
    arg [-plugin-opt=-pass-through=-lgcc] ==> ignore
    arg [-plugin-opt=-pass-through=-lgcc_s] ==> ignore
    arg [--build-id] ==> ignore
    arg [--no-add-needed] ==> ignore
    arg [--eh-frame-hdr] ==> ignore
    arg [--hash-style=gnu] ==> ignore
    arg [-m] ==> ignore
    arg [elf_x86_64] ==> ignore
    arg [-dynamic-linker] ==> ignore
    arg [/lib64/ld-linux-x86-64.so.2] ==> ignore
    arg [-o] ==> ignore
    arg [cmTC_33e89] ==> ignore
    arg [/usr/lib/gcc/x86_64-redhat-linux/7/../../../../lib64/crt1.o] ==> ignore
    arg [/usr/lib/gcc/x86_64-redhat-linux/7/../../../../lib64/crti.o] ==> ignore
    arg [/usr/lib/gcc/x86_64-redhat-linux/7/crtbegin.o] ==> ignore
    arg [-L/usr/lib/gcc/x86_64-redhat-linux/7] ==> dir [/usr/lib/gcc/x86_64-redhat-linux/7]
    arg [-L/usr/lib/gcc/x86_64-redhat-linux/7/../../../../lib64] ==> dir [/usr/lib/gcc/x86_64-redhat-linux/7/../../../../lib64]
    arg [-L/lib/../lib64] ==> dir [/lib/../lib64]
    arg [-L/usr/lib/../lib64] ==> dir [/usr/lib/../lib64]
    arg [-L/usr/lib/gcc/x86_64-redhat-linux/7/../../..] ==> dir [/usr/lib/gcc/x86_64-redhat-linux/7/../../..]
    arg [CMakeFiles/cmTC_33e89.dir/CMakeCCompilerABI.c.o] ==> ignore
    arg [-lgcc] ==> lib [gcc]
    arg [--as-needed] ==> ignore
    arg [-lgcc_s] ==> lib [gcc_s]
    arg [--no-as-needed] ==> ignore
    arg [-lc] ==> lib [c]
    arg [-lgcc] ==> lib [gcc]
    arg [--as-needed] ==> ignore
    arg [-lgcc_s] ==> lib [gcc_s]
    arg [--no-as-needed] ==> ignore
    arg [/usr/lib/gcc/x86_64-redhat-linux/7/crtend.o] ==> ignore
    arg [/usr/lib/gcc/x86_64-redhat-linux/7/../../../../lib64/crtn.o] ==> ignore
  collapse library dir [/usr/lib/gcc/x86_64-redhat-linux/7] ==> [/usr/lib/gcc/x86_64-redhat-linux/7]
  collapse library dir [/usr/lib/gcc/x86_64-redhat-linux/7/../../../../lib64] ==> [/usr/lib64]
  collapse library dir [/lib/../lib64] ==> [/lib64]
  collapse library dir [/usr/lib/../lib64] ==> [/usr/lib64]
  collapse library dir [/usr/lib/gcc/x86_64-redhat-linux/7/../../..] ==> [/usr/lib]
  implicit libs: [gcc;gcc_s;c;gcc;gcc_s]
  implicit dirs: [/usr/lib/gcc/x86_64-redhat-linux/7;/usr/lib64;/lib64;/usr/lib]
  implicit fwks: []




Detecting C [-std=c11] compiler features compiled with the following output:
Change Dir: /home/WizIbk/Dropbox/4eme Semestre/ESTRUTURAS DE DADOS II/ARQUIVOS EXTRAS/ESTRUCTURA_DE_DADOS_II--IBK/ArvoreRubroNegra/cmake-build-debug/CMakeFiles/CMakeTmp

Run Build Command:"/usr/bin/gmake" "cmTC_40f65/fast"
/usr/bin/gmake -f CMakeFiles/cmTC_40f65.dir/build.make CMakeFiles/cmTC_40f65.dir/build
gmake[1]: Entering directory '/home/WizIbk/Dropbox/4eme Semestre/ESTRUTURAS DE DADOS II/ARQUIVOS EXTRAS/ESTRUCTURA_DE_DADOS_II--IBK/ArvoreRubroNegra/cmake-build-debug/CMakeFiles/CMakeTmp'
Building C object CMakeFiles/cmTC_40f65.dir/feature_tests.c.o
/usr/lib64/ccache/cc   -std=c11 -o CMakeFiles/cmTC_40f65.dir/feature_tests.c.o   -c "/home/WizIbk/Dropbox/4eme Semestre/ESTRUTURAS DE DADOS II/ARQUIVOS EXTRAS/ESTRUCTURA_DE_DADOS_II--IBK/ArvoreRubroNegra/cmake-build-debug/CMakeFiles/feature_tests.c"
Linking C executable cmTC_40f65
/home/WizIbk/.local/share/JetBrains/Toolbox/apps/CLion/ch-0/181.4668.70/bin/cmake/bin/cmake -E cmake_link_script CMakeFiles/cmTC_40f65.dir/link.txt --verbose=1
/usr/lib64/ccache/cc      CMakeFiles/cmTC_40f65.dir/feature_tests.c.o  -o cmTC_40f65 
gmake[1]: Leaving directory '/home/WizIbk/Dropbox/4eme Semestre/ESTRUTURAS DE DADOS II/ARQUIVOS EXTRAS/ESTRUCTURA_DE_DADOS_II--IBK/ArvoreRubroNegra/cmake-build-debug/CMakeFiles/CMakeTmp'


    Feature record: C_FEATURE:1c_function_prototypes
    Feature record: C_FEATURE:1c_restrict
    Feature record: C_FEATURE:1c_static_assert
    Feature record: C_FEATURE:1c_variadic_macros


Detecting C [-std=c99] compiler features compiled with the following output:
Change Dir: /home/WizIbk/Dropbox/4eme Semestre/ESTRUTURAS DE DADOS II/ARQUIVOS EXTRAS/ESTRUCTURA_DE_DADOS_II--IBK/ArvoreRubroNegra/cmake-build-debug/CMakeFiles/CMakeTmp

Run Build Command:"/usr/bin/gmake" "cmTC_99af6/fast"
/usr/bin/gmake -f CMakeFiles/cmTC_99af6.dir/build.make CMakeFiles/cmTC_99af6.dir/build
gmake[1]: Entering directory '/home/WizIbk/Dropbox/4eme Semestre/ESTRUTURAS DE DADOS II/ARQUIVOS EXTRAS/ESTRUCTURA_DE_DADOS_II--IBK/ArvoreRubroNegra/cmake-build-debug/CMakeFiles/CMakeTmp'
Building C object CMakeFiles/cmTC_99af6.dir/feature_tests.c.o
/usr/lib64/ccache/cc   -std=c99 -o CMakeFiles/cmTC_99af6.dir/feature_tests.c.o   -c "/home/WizIbk/Dropbox/4eme Semestre/ESTRUTURAS DE DADOS II/ARQUIVOS EXTRAS/ESTRUCTURA_DE_DADOS_II--IBK/ArvoreRubroNegra/cmake-build-debug/CMakeFiles/feature_tests.c"
Linking C executable cmTC_99af6
/home/WizIbk/.local/share/JetBrains/Toolbox/apps/CLion/ch-0/181.4668.70/bin/cmake/bin/cmake -E cmake_link_script CMakeFiles/cmTC_99af6.dir/link.txt --verbose=1
/usr/lib64/ccache/cc      CMakeFiles/cmTC_99af6.dir/feature_tests.c.o  -o cmTC_99af6 
gmake[1]: Leaving directory '/home/WizIbk/Dropbox/4eme Semestre/ESTRUTURAS DE DADOS II/ARQUIVOS EXTRAS/ESTRUCTURA_DE_DADOS_II--IBK/ArvoreRubroNegra/cmake-build-debug/CMakeFiles/CMakeTmp'


    Feature record: C_FEATURE:1c_function_prototypes
    Feature record: C_FEATURE:1c_restrict
    Feature record: C_FEATURE:0c_static_assert
    Feature record: C_FEATURE:1c_variadic_macros


Detecting C [-std=c90] compiler features compiled with the following output:
Change Dir: /home/WizIbk/Dropbox/4eme Semestre/ESTRUTURAS DE DADOS II/ARQUIVOS EXTRAS/ESTRUCTURA_DE_DADOS_II--IBK/ArvoreRubroNegra/cmake-build-debug/CMakeFiles/CMakeTmp

Run Build Command:"/usr/bin/gmake" "cmTC_617b1/fast"
/usr/bin/gmake -f CMakeFiles/cmTC_617b1.dir/build.make CMakeFiles/cmTC_617b1.dir/build
gmake[1]: Entering directory '/home/WizIbk/Dropbox/4eme Semestre/ESTRUTURAS DE DADOS II/ARQUIVOS EXTRAS/ESTRUCTURA_DE_DADOS_II--IBK/ArvoreRubroNegra/cmake-build-debug/CMakeFiles/CMakeTmp'
Building C object CMakeFiles/cmTC_617b1.dir/feature_tests.c.o
/usr/lib64/ccache/cc   -std=c90 -o CMakeFiles/cmTC_617b1.dir/feature_tests.c.o   -c "/home/WizIbk/Dropbox/4eme Semestre/ESTRUTURAS DE DADOS II/ARQUIVOS EXTRAS/ESTRUCTURA_DE_DADOS_II--IBK/ArvoreRubroNegra/cmake-build-debug/CMakeFiles/feature_tests.c"
Linking C executable cmTC_617b1
/home/WizIbk/.local/share/JetBrains/Toolbox/apps/CLion/ch-0/181.4668.70/bin/cmake/bin/cmake -E cmake_link_script CMakeFiles/cmTC_617b1.dir/link.txt --verbose=1
/usr/lib64/ccache/cc      CMakeFiles/cmTC_617b1.dir/feature_tests.c.o  -o cmTC_617b1 
gmake[1]: Leaving directory '/home/WizIbk/Dropbox/4eme Semestre/ESTRUTURAS DE DADOS II/ARQUIVOS EXTRAS/ESTRUCTURA_DE_DADOS_II--IBK/ArvoreRubroNegra/cmake-build-debug/CMakeFiles/CMakeTmp'


    Feature record: C_FEATURE:1c_function_prototypes
    Feature record: C_FEATURE:0c_restrict
    Feature record: C_FEATURE:0c_static_assert
    Feature record: C_FEATURE:0c_variadic_macros
